[ 2022-10-16T14:45:34+08:00 ] 127.0.0.1 /index.php?g=admin&m=public&a=login
INFO: [ app_begin ] --START--
INFO: Run Behavior\ReadHtmlCacheBehavior [ RunTime:0.000342s ]
INFO: Run Behavior\CheckLangBehavior [ RunTime:0.001179s ]
INFO: Run Common\Behavior\UrldecodeGetBehavior [ RunTime:0.000237s ]
INFO: [ app_begin ] --END-- [ RunTime:0.002106s ]
INFO: [ admin_begin ] --START--
INFO: Run Common\Behavior\AdminDefaultLangBehavior [ RunTime:0.000410s ]
INFO: [ admin_begin ] --END-- [ RunTime:0.000450s ]
SQL: SHOW COLUMNS FROM `jz_options` [ RunTime:0.0015s ]
SQL: SELECT `option_value` FROM `jz_options` WHERE `option_name` = 'cdn_settings' LIMIT 1   [ RunTime:0.0005s ]
INFO: [ view_parse ] --START--
INFO: [ template_filter ] --START--
INFO: Run Behavior\ContentReplaceBehavior [ RunTime:0.000031s ]
INFO: [ template_filter ] --END-- [ RunTime:0.000038s ]
INFO: Run Behavior\ParseTemplateBehavior [ RunTime:0.003018s ]
INFO: [ view_parse ] --END-- [ RunTime:0.003023s ]
INFO: [ view_filter ] --START--
INFO: Run Behavior\WriteHtmlCacheBehavior [ RunTime:0.000094s ]
INFO: Run Common\Behavior\TmplStripSpaceBehavior [ RunTime:0.000156s ]
INFO: [ view_filter ] --END-- [ RunTime:0.000257s ]
INFO: [ app_end ] --START--
INFO: Run Behavior\ShowPageTraceBehavior [ RunTime:0.000190s ]
INFO: [ app_end ] --END-- [ RunTime:0.000194s ]

[ 2022-10-16T14:45:36+08:00 ] 127.0.0.1 /index.php/Admin/public/dologin
INFO: [ app_begin ] --START--
INFO: Run Behavior\ReadHtmlCacheBehavior [ RunTime:0.000273s ]
INFO: Run Behavior\CheckLangBehavior [ RunTime:0.000305s ]
INFO: Run Common\Behavior\UrldecodeGetBehavior [ RunTime:0.000092s ]
INFO: [ app_begin ] --END-- [ RunTime:0.000905s ]
INFO: [ admin_begin ] --START--
INFO: Run Common\Behavior\AdminDefaultLangBehavior [ RunTime:0.000273s ]
INFO: [ admin_begin ] --END-- [ RunTime:0.000284s ]
SQL: SHOW COLUMNS FROM `jz_users` [ RunTime:0.0047s ]
SQL: SELECT * FROM `jz_users` WHERE `user_login` = 'admin' LIMIT 1   [ RunTime:0.0006s ]

[ 2022-10-16T14:45:37+08:00 ] 127.0.0.1 /index.php/Admin/public/dologin
INFO: [ app_begin ] --START--
INFO: Run Behavior\ReadHtmlCacheBehavior [ RunTime:0.000304s ]
INFO: Run Behavior\CheckLangBehavior [ RunTime:0.000355s ]
INFO: Run Common\Behavior\UrldecodeGetBehavior [ RunTime:0.000197s ]
INFO: [ app_begin ] --END-- [ RunTime:0.001073s ]
INFO: [ admin_begin ] --START--
INFO: Run Common\Behavior\AdminDefaultLangBehavior [ RunTime:0.000699s ]
INFO: [ admin_begin ] --END-- [ RunTime:0.000791s ]
SQL: SHOW COLUMNS FROM `jz_users` [ RunTime:0.0020s ]
SQL: SELECT * FROM `jz_users` WHERE `user_login` = 'admin' LIMIT 1   [ RunTime:0.0005s ]

[ 2022-10-16T14:45:48+08:00 ] 127.0.0.1 /index.php/Admin/public/dologin
INFO: [ app_begin ] --START--
INFO: Run Behavior\ReadHtmlCacheBehavior [ RunTime:0.000433s ]
INFO: Run Behavior\CheckLangBehavior [ RunTime:0.000773s ]
INFO: Run Common\Behavior\UrldecodeGetBehavior [ RunTime:0.000275s ]
INFO: [ app_begin ] --END-- [ RunTime:0.001897s ]
INFO: [ admin_begin ] --START--
INFO: Run Common\Behavior\AdminDefaultLangBehavior [ RunTime:0.000645s ]
INFO: [ admin_begin ] --END-- [ RunTime:0.000665s ]
SQL: SHOW COLUMNS FROM `jz_users` [ RunTime:0.0019s ]
SQL: SELECT * FROM `jz_users` WHERE `user_login` = 'admin' LIMIT 1   [ RunTime:0.0006s ]

[ 2022-10-16T14:45:49+08:00 ] 127.0.0.1 /index.php/Admin/public/dologin
INFO: [ app_begin ] --START--
INFO: Run Behavior\ReadHtmlCacheBehavior [ RunTime:0.000259s ]
INFO: Run Behavior\CheckLangBehavior [ RunTime:0.000300s ]
INFO: Run Common\Behavior\UrldecodeGetBehavior [ RunTime:0.000078s ]
INFO: [ app_begin ] --END-- [ RunTime:0.000827s ]
INFO: [ admin_begin ] --START--
INFO: Run Common\Behavior\AdminDefaultLangBehavior [ RunTime:0.000341s ]
INFO: [ admin_begin ] --END-- [ RunTime:0.000380s ]
SQL: SHOW COLUMNS FROM `jz_users` [ RunTime:0.0020s ]
SQL: SELECT * FROM `jz_users` WHERE `user_login` = 'admin' LIMIT 1   [ RunTime:0.0005s ]

[ 2022-10-16T14:45:49+08:00 ] 127.0.0.1 /index.php/Admin/public/dologin
INFO: [ app_begin ] --START--
INFO: Run Behavior\ReadHtmlCacheBehavior [ RunTime:0.000156s ]
INFO: Run Behavior\CheckLangBehavior [ RunTime:0.000160s ]
INFO: Run Common\Behavior\UrldecodeGetBehavior [ RunTime:0.000038s ]
INFO: [ app_begin ] --END-- [ RunTime:0.000472s ]
INFO: [ admin_begin ] --START--
INFO: Run Common\Behavior\AdminDefaultLangBehavior [ RunTime:0.000163s ]
INFO: [ admin_begin ] --END-- [ RunTime:0.000170s ]
SQL: SHOW COLUMNS FROM `jz_users` [ RunTime:0.0008s ]
SQL: SELECT * FROM `jz_users` WHERE `user_login` = 'admin' LIMIT 1   [ RunTime:0.0002s ]

[ 2022-10-16T14:46:07+08:00 ] 127.0.0.1 /index.php?g=admin&m=public&a=login
INFO: [ app_begin ] --START--
INFO: Run Behavior\ReadHtmlCacheBehavior [ RunTime:0.000793s ]
INFO: Run Behavior\CheckLangBehavior [ RunTime:0.000590s ]
INFO: Run Common\Behavior\UrldecodeGetBehavior [ RunTime:0.000178s ]
INFO: [ app_begin ] --END-- [ RunTime:0.002601s ]
INFO: [ admin_begin ] --START--
INFO: Run Common\Behavior\AdminDefaultLangBehavior [ RunTime:0.000448s ]
INFO: [ admin_begin ] --END-- [ RunTime:0.000471s ]
SQL: SHOW COLUMNS FROM `jz_options` [ RunTime:0.0007s ]
SQL: SELECT `option_value` FROM `jz_options` WHERE `option_name` = 'cdn_settings' LIMIT 1   [ RunTime:0.0004s ]
INFO: [ view_parse ] --START--
INFO: [ template_filter ] --START--
INFO: Run Behavior\ContentReplaceBehavior [ RunTime:0.000035s ]
INFO: [ template_filter ] --END-- [ RunTime:0.000046s ]
INFO: Run Behavior\ParseTemplateBehavior [ RunTime:0.003817s ]
INFO: [ view_parse ] --END-- [ RunTime:0.003828s ]
INFO: [ view_filter ] --START--
INFO: Run Behavior\WriteHtmlCacheBehavior [ RunTime:0.000125s ]
INFO: Run Common\Behavior\TmplStripSpaceBehavior [ RunTime:0.000183s ]
INFO: [ view_filter ] --END-- [ RunTime:0.000318s ]
INFO: [ app_end ] --START--
INFO: Run Behavior\ShowPageTraceBehavior [ RunTime:0.000240s ]
INFO: [ app_end ] --END-- [ RunTime:0.000246s ]

[ 2022-10-16T14:46:12+08:00 ] 127.0.0.1 /index.php/Admin/public/dologin
INFO: [ app_begin ] --START--
INFO: Run Behavior\ReadHtmlCacheBehavior [ RunTime:0.000219s ]
INFO: Run Behavior\CheckLangBehavior [ RunTime:0.000243s ]
INFO: Run Common\Behavior\UrldecodeGetBehavior [ RunTime:0.000070s ]
INFO: [ app_begin ] --END-- [ RunTime:0.000695s ]
INFO: [ admin_begin ] --START--
INFO: Run Common\Behavior\AdminDefaultLangBehavior [ RunTime:0.000605s ]
INFO: [ admin_begin ] --END-- [ RunTime:0.000620s ]
SQL: SHOW COLUMNS FROM `jz_users` [ RunTime:0.0020s ]
SQL: SELECT * FROM `jz_users` WHERE `user_login` = 'admin' LIMIT 1   [ RunTime:0.0004s ]

[ 2022-10-16T14:48:54+08:00 ] 127.0.0.1 /index.php/Admin/public/dologin
INFO: [ app_begin ] --START--
INFO: Run Behavior\ReadHtmlCacheBehavior [ RunTime:0.000300s ]
INFO: Run Behavior\CheckLangBehavior [ RunTime:0.000713s ]
INFO: Run Common\Behavior\UrldecodeGetBehavior [ RunTime:0.000170s ]
INFO: [ app_begin ] --END-- [ RunTime:0.001472s ]
INFO: [ admin_begin ] --START--
INFO: Run Common\Behavior\AdminDefaultLangBehavior [ RunTime:0.000390s ]
INFO: [ admin_begin ] --END-- [ RunTime:0.000408s ]
SQL: SHOW COLUMNS FROM `jz_users` [ RunTime:0.0022s ]
SQL: SELECT * FROM `jz_users` WHERE `user_login` = 'admin' LIMIT 1   [ RunTime:0.0003s ]

[ 2022-10-16T14:48:55+08:00 ] 127.0.0.1 /index.php?g=admin&m=public&a=login
INFO: [ app_begin ] --START--
INFO: Run Behavior\ReadHtmlCacheBehavior [ RunTime:0.000362s ]
INFO: Run Behavior\CheckLangBehavior [ RunTime:0.000400s ]
INFO: Run Common\Behavior\UrldecodeGetBehavior [ RunTime:0.000125s ]
INFO: [ app_begin ] --END-- [ RunTime:0.001154s ]
INFO: [ admin_begin ] --START--
INFO: Run Common\Behavior\AdminDefaultLangBehavior [ RunTime:0.000320s ]
INFO: [ admin_begin ] --END-- [ RunTime:0.000337s ]
SQL: SHOW COLUMNS FROM `jz_options` [ RunTime:0.0008s ]
SQL: SELECT `option_value` FROM `jz_options` WHERE `option_name` = 'cdn_settings' LIMIT 1   [ RunTime:0.0017s ]
INFO: [ view_parse ] --START--
INFO: [ template_filter ] --START--
INFO: Run Behavior\ContentReplaceBehavior [ RunTime:0.000085s ]
INFO: [ template_filter ] --END-- [ RunTime:0.000099s ]
INFO: Run Behavior\ParseTemplateBehavior [ RunTime:0.006533s ]
INFO: [ view_parse ] --END-- [ RunTime:0.006545s ]
INFO: [ view_filter ] --START--
INFO: Run Behavior\WriteHtmlCacheBehavior [ RunTime:0.000211s ]
INFO: Run Common\Behavior\TmplStripSpaceBehavior [ RunTime:0.000222s ]
INFO: [ view_filter ] --END-- [ RunTime:0.000474s ]
INFO: [ app_end ] --START--
INFO: Run Behavior\ShowPageTraceBehavior [ RunTime:0.000537s ]
INFO: [ app_end ] --END-- [ RunTime:0.000558s ]

[ 2022-10-16T14:49:00+08:00 ] 127.0.0.1 /index.php/Admin/public/dologin
INFO: [ app_begin ] --START--
INFO: Run Behavior\ReadHtmlCacheBehavior [ RunTime:0.000213s ]
INFO: Run Behavior\CheckLangBehavior [ RunTime:0.000249s ]
INFO: Run Common\Behavior\UrldecodeGetBehavior [ RunTime:0.000060s ]
INFO: [ app_begin ] --END-- [ RunTime:0.000681s ]
INFO: [ admin_begin ] --START--
INFO: Run Common\Behavior\AdminDefaultLangBehavior [ RunTime:0.000248s ]
INFO: [ admin_begin ] --END-- [ RunTime:0.000260s ]
SQL: SHOW COLUMNS FROM `jz_users` [ RunTime:0.0007s ]
SQL: SELECT * FROM `jz_users` WHERE `user_login` = 'admin' LIMIT 1   [ RunTime:0.0002s ]

[ 2022-10-16T14:49:01+08:00 ] 127.0.0.1 /index.php?g=admin&m=public&a=login
INFO: [ app_begin ] --START--
INFO: Run Behavior\ReadHtmlCacheBehavior [ RunTime:0.000349s ]
INFO: Run Behavior\CheckLangBehavior [ RunTime:0.000394s ]
INFO: Run Common\Behavior\UrldecodeGetBehavior [ RunTime:0.000100s ]
INFO: [ app_begin ] --END-- [ RunTime:0.001103s ]
INFO: [ admin_begin ] --START--
INFO: Run Common\Behavior\AdminDefaultLangBehavior [ RunTime:0.000394s ]
INFO: [ admin_begin ] --END-- [ RunTime:0.000415s ]
SQL: SHOW COLUMNS FROM `jz_options` [ RunTime:0.0013s ]
SQL: SELECT `option_value` FROM `jz_options` WHERE `option_name` = 'cdn_settings' LIMIT 1   [ RunTime:0.0002s ]
INFO: [ view_parse ] --START--
INFO: [ template_filter ] --START--
INFO: Run Behavior\ContentReplaceBehavior [ RunTime:0.000050s ]
INFO: [ template_filter ] --END-- [ RunTime:0.000067s ]
INFO: Run Behavior\ParseTemplateBehavior [ RunTime:0.005570s ]
INFO: [ view_parse ] --END-- [ RunTime:0.005587s ]
INFO: [ view_filter ] --START--
INFO: Run Behavior\WriteHtmlCacheBehavior [ RunTime:0.000090s ]
INFO: Run Common\Behavior\TmplStripSpaceBehavior [ RunTime:0.000073s ]
INFO: [ view_filter ] --END-- [ RunTime:0.000180s ]
INFO: [ app_end ] --START--
INFO: Run Behavior\ShowPageTraceBehavior [ RunTime:0.000296s ]
INFO: [ app_end ] --END-- [ RunTime:0.000309s ]

[ 2022-10-16T14:49:32+08:00 ] 127.0.0.1 /index.php/Admin/public/dologin
INFO: [ app_begin ] --START--
INFO: Run Behavior\ReadHtmlCacheBehavior [ RunTime:0.000399s ]
INFO: Run Behavior\CheckLangBehavior [ RunTime:0.000766s ]
INFO: Run Common\Behavior\UrldecodeGetBehavior [ RunTime:0.000289s ]
INFO: [ app_begin ] --END-- [ RunTime:0.002043s ]
INFO: [ admin_begin ] --START--
INFO: Run Common\Behavior\AdminDefaultLangBehavior [ RunTime:0.000525s ]
INFO: [ admin_begin ] --END-- [ RunTime:0.000542s ]
SQL: SHOW COLUMNS FROM `jz_users` [ RunTime:0.0019s ]
SQL: SELECT * FROM `jz_users` WHERE `user_login` = 'admin' LIMIT 1   [ RunTime:0.0006s ]

[ 2022-10-16T14:49:53+08:00 ] 127.0.0.1 /index.php/Admin/public/dologin
INFO: [ app_begin ] --START--
INFO: Run Behavior\ReadHtmlCacheBehavior [ RunTime:0.000277s ]
INFO: Run Behavior\CheckLangBehavior [ RunTime:0.000520s ]
INFO: Run Common\Behavior\UrldecodeGetBehavior [ RunTime:0.000184s ]
INFO: [ app_begin ] --END-- [ RunTime:0.001274s ]
INFO: [ admin_begin ] --START--
INFO: Run Common\Behavior\AdminDefaultLangBehavior [ RunTime:0.000388s ]
INFO: [ admin_begin ] --END-- [ RunTime:0.000404s ]
SQL: SHOW COLUMNS FROM `jz_users` [ RunTime:0.0007s ]
SQL: SELECT * FROM `jz_users` WHERE `user_login` = 'admin' LIMIT 1   [ RunTime:0.0002s ]
SQL: SHOW COLUMNS FROM `jz_role_user` [ RunTime:0.0004s ]
SQL: SELECT `role_id` FROM jz_role_user a INNER JOIN jz_role as b on a.role_id =b.id  WHERE `user_id` = '1' AND `status` = 1  [ RunTime:0.0003s ]
SQL: UPDATE `jz_users` SET `user_login`='admin',`user_pass`='###9471563eb1136fd2a934867a1983bbc3',`user_nicename`='',`user_email`='jb@bb.bb',`user_url`='',`avatar`=NULL,`sex`='0',`birthday`=NULL,`signature`='更多源码请上www.jocat.cn奇偶猫',`last_login_ip`='127.0.0.1',`last_login_time`='2022-10-16 14:49:53',`create_time`='2019-07-01 22:13:47',`user_activation_key`='',`user_status`='1',`score`='0',`user_type`='1',`coin`='0',`mobile`='' WHERE `id` = '1' [ RunTime:0.0207s ]

[ 2022-10-16T14:49:53+08:00 ] 127.0.0.1 /index.php/Admin/Index/index
INFO: [ app_begin ] --START--
INFO: Run Behavior\ReadHtmlCacheBehavior [ RunTime:0.000283s ]
INFO: Run Behavior\CheckLangBehavior [ RunTime:0.000327s ]
INFO: Run Common\Behavior\UrldecodeGetBehavior [ RunTime:0.000075s ]
INFO: [ app_begin ] --END-- [ RunTime:0.000906s ]
INFO: [ admin_begin ] --START--
INFO: Run Common\Behavior\AdminDefaultLangBehavior [ RunTime:0.000310s ]
INFO: [ admin_begin ] --END-- [ RunTime:0.000330s ]
NOTIC: [8] unserialize(): Error at offset 1130 of 1473 bytes /Users/sunqiaoyu/PhpstormProjects/os/nn_1/simplewind/Core/Common/functions.php 第 1178 行.
SQL: SHOW COLUMNS FROM `jz_options` [ RunTime:0.0008s ]
SQL: SELECT `option_value` FROM `jz_options` WHERE `option_name` = 'extract' LIMIT 1   [ RunTime:0.0005s ]
SQL: SELECT `option_value` FROM `jz_options` WHERE `option_name` = 'bonus' LIMIT 1   [ RunTime:0.0001s ]
SQL: SHOW COLUMNS FROM `jz_users` [ RunTime:0.0005s ]
SQL: SELECT * FROM `jz_users` WHERE `id` = '1' LIMIT 1   [ RunTime:0.0002s ]
SQL: SHOW COLUMNS FROM `jz_menu` [ RunTime:0.0006s ]
SQL: SELECT * FROM `jz_menu` WHERE `parentid` = 0 AND `status` = 1 ORDER BY `listorder` ASC  [ RunTime:0.0006s ]
SQL: SELECT * FROM `jz_menu` WHERE `parentid` = 109 AND `status` = 1 ORDER BY `listorder` ASC  [ RunTime:0.0002s ]
SQL: SELECT * FROM `jz_menu` WHERE `parentid` = 110 AND `status` = 1 ORDER BY `listorder` ASC  [ RunTime:0.0005s ]
SQL: SELECT * FROM `jz_menu` WHERE `parentid` = 111 AND `status` = 1 ORDER BY `listorder` ASC  [ RunTime:0.0001s ]
SQL: SELECT * FROM `jz_menu` WHERE `parentid` = 113 AND `status` = 1 ORDER BY `listorder` ASC  [ RunTime:0.0001s ]
SQL: SELECT * FROM `jz_menu` WHERE `parentid` = 114 AND `status` = 1 ORDER BY `listorder` ASC  [ RunTime:0.0001s ]
SQL: SELECT * FROM `jz_menu` WHERE `parentid` = 115 AND `status` = 1 ORDER BY `listorder` ASC  [ RunTime:0.0002s ]
SQL: SELECT * FROM `jz_menu` WHERE `parentid` = 139 AND `status` = 1 ORDER BY `listorder` ASC  [ RunTime:0.0002s ]
SQL: SELECT * FROM `jz_menu` WHERE `parentid` = 149 AND `status` = 1 ORDER BY `listorder` ASC  [ RunTime:0.0002s ]
SQL: SELECT * FROM `jz_menu` WHERE `parentid` = 161 AND `status` = 1 ORDER BY `listorder` ASC  [ RunTime:0.0001s ]
SQL: SELECT * FROM `jz_menu` WHERE `parentid` = 151 AND `status` = 1 ORDER BY `listorder` ASC  [ RunTime:0.0005s ]
SQL: SELECT * FROM `jz_menu` WHERE `parentid` = 188 AND `status` = 1 ORDER BY `listorder` ASC  [ RunTime:0.0002s ]
SQL: SELECT * FROM `jz_menu` WHERE `parentid` = 189 AND `status` = 1 ORDER BY `listorder` ASC  [ RunTime:0.0002s ]
SQL: SELECT * FROM `jz_menu` WHERE `parentid` = 190 AND `status` = 1 ORDER BY `listorder` ASC  [ RunTime:0.0002s ]
SQL: SELECT * FROM `jz_menu` WHERE `parentid` = 225 AND `status` = 1 ORDER BY `listorder` ASC  [ RunTime:0.0002s ]
SQL: SELECT * FROM `jz_menu` WHERE `parentid` = 226 AND `status` = 1 ORDER BY `listorder` ASC  [ RunTime:0.0002s ]
SQL: SELECT * FROM `jz_menu` WHERE `parentid` = 227 AND `status` = 1 ORDER BY `listorder` ASC  [ RunTime:0.0002s ]
SQL: SELECT * FROM `jz_menu` WHERE `parentid` = 132 AND `status` = 1 ORDER BY `listorder` ASC  [ RunTime:0.0002s ]
SQL: SELECT * FROM `jz_menu` WHERE `parentid` = 133 AND `status` = 1 ORDER BY `listorder` ASC  [ RunTime:0.0002s ]
SQL: SELECT * FROM `jz_menu` WHERE `parentid` = 134 AND `status` = 1 ORDER BY `listorder` ASC  [ RunTime:0.0002s ]
SQL: SELECT * FROM `jz_menu` WHERE `parentid` = 137 AND `status` = 1 ORDER BY `listorder` ASC  [ RunTime:0.0002s ]
SQL: SELECT * FROM `jz_menu` WHERE `parentid` = 85 AND `status` = 1 ORDER BY `listorder` ASC  [ RunTime:0.0002s ]
SQL: SELECT * FROM `jz_menu` WHERE `parentid` = 86 AND `status` = 1 ORDER BY `listorder` ASC  [ RunTime:0.0002s ]
SQL: SELECT * FROM `jz_menu` WHERE `parentid` = 87 AND `status` = 1 ORDER BY `listorder` ASC  [ RunTime:0.0004s ]
SQL: SELECT * FROM `jz_menu` WHERE `parentid` = 94 AND `status` = 1 ORDER BY `listorder` ASC  [ RunTime:0.0002s ]
SQL: SELECT * FROM `jz_menu` WHERE `parentid` = 100 AND `status` = 1 ORDER BY `listorder` ASC  [ RunTime:0.0002s ]
SQL: SELECT * FROM `jz_menu` WHERE `parentid` = 101 AND `status` = 1 ORDER BY `listorder` ASC  [ RunTime:0.0002s ]
SQL: SELECT * FROM `jz_menu` WHERE `parentid` = 221 AND `status` = 1 ORDER BY `listorder` ASC  [ RunTime:0.0002s ]
SQL: SELECT * FROM `jz_menu` WHERE `parentid` = 223 AND `status` = 1 ORDER BY `listorder` ASC  [ RunTime:0.0002s ]
SQL: SELECT * FROM `jz_menu` WHERE `parentid` = 228 AND `status` = 1 ORDER BY `listorder` ASC  [ RunTime:0.0002s ]
SQL: SELECT `option_value` FROM `jz_options` WHERE `option_name` = 'cdn_settings' LIMIT 1   [ RunTime:0.0002s ]
INFO: [ view_parse ] --START--
NOTIC: [2] count(): Parameter must be an array or an object that implements Countable /Users/sunqiaoyu/PhpstormProjects/os/nn_1/application/Common/Lib/Taglib/TagLibSpadmin.class.php 第 37 行.
INFO: [ template_filter ] --START--
INFO: Run Behavior\ContentReplaceBehavior [ RunTime:0.000212s ]
INFO: [ template_filter ] --END-- [ RunTime:0.000226s ]
NOTIC: [8] Undefined variable: Think /Users/sunqiaoyu/PhpstormProjects/os/nn_1/data/cc/Cache/Admin/a1def4b29f96097392ca0f2df5df48a1.php 第 163 行.
INFO: Run Behavior\ParseTemplateBehavior [ RunTime:0.006321s ]
INFO: [ view_parse ] --END-- [ RunTime:0.006328s ]
INFO: [ view_filter ] --START--
INFO: Run Behavior\WriteHtmlCacheBehavior [ RunTime:0.000094s ]
INFO: Run Common\Behavior\TmplStripSpaceBehavior [ RunTime:0.000177s ]
INFO: [ view_filter ] --END-- [ RunTime:0.000284s ]
INFO: [ app_end ] --START--
INFO: Run Behavior\ShowPageTraceBehavior [ RunTime:0.000218s ]
INFO: [ app_end ] --END-- [ RunTime:0.000225s ]

[ 2022-10-16T14:49:53+08:00 ] 127.0.0.1 /index.php/Admin/Main/index
INFO: [ app_begin ] --START--
INFO: Run Behavior\ReadHtmlCacheBehavior [ RunTime:0.000248s ]
INFO: Run Behavior\CheckLangBehavior [ RunTime:0.011862s ]
INFO: Run Common\Behavior\UrldecodeGetBehavior [ RunTime:0.000253s ]
INFO: [ app_begin ] --END-- [ RunTime:0.013297s ]
INFO: [ admin_begin ] --START--
INFO: Run Common\Behavior\AdminDefaultLangBehavior [ RunTime:0.000352s ]
INFO: [ admin_begin ] --END-- [ RunTime:0.000375s ]
NOTIC: [8] unserialize(): Error at offset 1130 of 1473 bytes /Users/sunqiaoyu/PhpstormProjects/os/nn_1/simplewind/Core/Common/functions.php 第 1178 行.
SQL: SHOW COLUMNS FROM `jz_options` [ RunTime:0.0005s ]
SQL: SELECT `option_value` FROM `jz_options` WHERE `option_name` = 'extract' LIMIT 1   [ RunTime:0.0002s ]
SQL: SELECT `option_value` FROM `jz_options` WHERE `option_name` = 'bonus' LIMIT 1   [ RunTime:0.0001s ]
SQL: SHOW COLUMNS FROM `jz_users` [ RunTime:0.0008s ]
SQL: SELECT * FROM `jz_users` WHERE `id` = '1' LIMIT 1   [ RunTime:0.0002s ]
SQL: select VERSION() as version [ RunTime:0.0001s ]
SQL: SELECT `option_value` FROM `jz_options` WHERE `option_name` = 'cdn_settings' LIMIT 1   [ RunTime:0.0009s ]
INFO: [ view_parse ] --START--
NOTIC: [2] count(): Parameter must be an array or an object that implements Countable /Users/sunqiaoyu/PhpstormProjects/os/nn_1/application/Common/Lib/Taglib/TagLibSpadmin.class.php 第 37 行.
INFO: [ template_filter ] --START--
INFO: Run Behavior\ContentReplaceBehavior [ RunTime:0.000052s ]
INFO: [ template_filter ] --END-- [ RunTime:0.000068s ]
INFO: Run Behavior\ParseTemplateBehavior [ RunTime:0.005008s ]
INFO: [ view_parse ] --END-- [ RunTime:0.005022s ]
INFO: [ view_filter ] --START--
INFO: Run Behavior\WriteHtmlCacheBehavior [ RunTime:0.000083s ]
INFO: Run Common\Behavior\TmplStripSpaceBehavior [ RunTime:0.000069s ]
INFO: [ view_filter ] --END-- [ RunTime:0.000167s ]
INFO: [ app_end ] --START--
INFO: Run Behavior\ShowPageTraceBehavior [ RunTime:0.000270s ]
INFO: [ app_end ] --END-- [ RunTime:0.000280s ]

[ 2022-10-16T14:49:56+08:00 ] 127.0.0.1 /index.php/Admin/Index/index
INFO: [ app_begin ] --START--
INFO: Run Behavior\ReadHtmlCacheBehavior [ RunTime:0.000738s ]
INFO: Run Behavior\CheckLangBehavior [ RunTime:0.000571s ]
INFO: Run Common\Behavior\UrldecodeGetBehavior [ RunTime:0.000119s ]
INFO: [ app_begin ] --END-- [ RunTime:0.001698s ]
INFO: [ admin_begin ] --START--
INFO: Run Common\Behavior\AdminDefaultLangBehavior [ RunTime:0.000385s ]
INFO: [ admin_begin ] --END-- [ RunTime:0.000405s ]
NOTIC: [8] unserialize(): Error at offset 1130 of 1473 bytes /Users/sunqiaoyu/PhpstormProjects/os/nn_1/simplewind/Core/Common/functions.php 第 1178 行.
SQL: SHOW COLUMNS FROM `jz_options` [ RunTime:0.0013s ]
SQL: SELECT `option_value` FROM `jz_options` WHERE `option_name` = 'extract' LIMIT 1   [ RunTime:0.0004s ]
SQL: SELECT `option_value` FROM `jz_options` WHERE `option_name` = 'bonus' LIMIT 1   [ RunTime:0.0001s ]
SQL: SHOW COLUMNS FROM `jz_users` [ RunTime:0.0005s ]
SQL: SELECT * FROM `jz_users` WHERE `id` = '1' LIMIT 1   [ RunTime:0.0002s ]
SQL: SHOW COLUMNS FROM `jz_menu` [ RunTime:0.0006s ]
SQL: SELECT * FROM `jz_menu` WHERE `parentid` = 0 AND `status` = 1 ORDER BY `listorder` ASC  [ RunTime:0.0003s ]
SQL: SELECT * FROM `jz_menu` WHERE `parentid` = 109 AND `status` = 1 ORDER BY `listorder` ASC  [ RunTime:0.0002s ]
SQL: SELECT * FROM `jz_menu` WHERE `parentid` = 110 AND `status` = 1 ORDER BY `listorder` ASC  [ RunTime:0.0002s ]
SQL: SELECT * FROM `jz_menu` WHERE `parentid` = 111 AND `status` = 1 ORDER BY `listorder` ASC  [ RunTime:0.0001s ]
SQL: SELECT * FROM `jz_menu` WHERE `parentid` = 113 AND `status` = 1 ORDER BY `listorder` ASC  [ RunTime:0.0001s ]
SQL: SELECT * FROM `jz_menu` WHERE `parentid` = 114 AND `status` = 1 ORDER BY `listorder` ASC  [ RunTime:0.0001s ]
SQL: SELECT * FROM `jz_menu` WHERE `parentid` = 115 AND `status` = 1 ORDER BY `listorder` ASC  [ RunTime:0.0002s ]
SQL: SELECT * FROM `jz_menu` WHERE `parentid` = 139 AND `status` = 1 ORDER BY `listorder` ASC  [ RunTime:0.0001s ]
SQL: SELECT * FROM `jz_menu` WHERE `parentid` = 149 AND `status` = 1 ORDER BY `listorder` ASC  [ RunTime:0.0001s ]
SQL: SELECT * FROM `jz_menu` WHERE `parentid` = 161 AND `status` = 1 ORDER BY `listorder` ASC  [ RunTime:0.0001s ]
SQL: SELECT * FROM `jz_menu` WHERE `parentid` = 151 AND `status` = 1 ORDER BY `listorder` ASC  [ RunTime:0.0001s ]
SQL: SELECT * FROM `jz_menu` WHERE `parentid` = 188 AND `status` = 1 ORDER BY `listorder` ASC  [ RunTime:0.0001s ]
SQL: SELECT * FROM `jz_menu` WHERE `parentid` = 189 AND `status` = 1 ORDER BY `listorder` ASC  [ RunTime:0.0001s ]
SQL: SELECT * FROM `jz_menu` WHERE `parentid` = 190 AND `status` = 1 ORDER BY `listorder` ASC  [ RunTime:0.0001s ]
SQL: SELECT * FROM `jz_menu` WHERE `parentid` = 225 AND `status` = 1 ORDER BY `listorder` ASC  [ RunTime:0.0002s ]
SQL: SELECT * FROM `jz_menu` WHERE `parentid` = 226 AND `status` = 1 ORDER BY `listorder` ASC  [ RunTime:0.0001s ]
SQL: SELECT * FROM `jz_menu` WHERE `parentid` = 227 AND `status` = 1 ORDER BY `listorder` ASC  [ RunTime:0.0001s ]
SQL: SELECT * FROM `jz_menu` WHERE `parentid` = 132 AND `status` = 1 ORDER BY `listorder` ASC  [ RunTime:0.0001s ]
SQL: SELECT * FROM `jz_menu` WHERE `parentid` = 133 AND `status` = 1 ORDER BY `listorder` ASC  [ RunTime:0.0001s ]
SQL: SELECT * FROM `jz_menu` WHERE `parentid` = 134 AND `status` = 1 ORDER BY `listorder` ASC  [ RunTime:0.0001s ]
SQL: SELECT * FROM `jz_menu` WHERE `parentid` = 137 AND `status` = 1 ORDER BY `listorder` ASC  [ RunTime:0.0001s ]
SQL: SELECT * FROM `jz_menu` WHERE `parentid` = 85 AND `status` = 1 ORDER BY `listorder` ASC  [ RunTime:0.0001s ]
SQL: SELECT * FROM `jz_menu` WHERE `parentid` = 86 AND `status` = 1 ORDER BY `listorder` ASC  [ RunTime:0.0002s ]
SQL: SELECT * FROM `jz_menu` WHERE `parentid` = 87 AND `status` = 1 ORDER BY `listorder` ASC  [ RunTime:0.0001s ]
SQL: SELECT * FROM `jz_menu` WHERE `parentid` = 94 AND `status` = 1 ORDER BY `listorder` ASC  [ RunTime:0.0001s ]
SQL: SELECT * FROM `jz_menu` WHERE `parentid` = 100 AND `status` = 1 ORDER BY `listorder` ASC  [ RunTime:0.0002s ]
SQL: SELECT * FROM `jz_menu` WHERE `parentid` = 101 AND `status` = 1 ORDER BY `listorder` ASC  [ RunTime:0.0001s ]
SQL: SELECT * FROM `jz_menu` WHERE `parentid` = 221 AND `status` = 1 ORDER BY `listorder` ASC  [ RunTime:0.0001s ]
SQL: SELECT * FROM `jz_menu` WHERE `parentid` = 223 AND `status` = 1 ORDER BY `listorder` ASC  [ RunTime:0.0001s ]
SQL: SELECT * FROM `jz_menu` WHERE `parentid` = 228 AND `status` = 1 ORDER BY `listorder` ASC  [ RunTime:0.0001s ]
SQL: SELECT `option_value` FROM `jz_options` WHERE `option_name` = 'cdn_settings' LIMIT 1   [ RunTime:0.0001s ]
INFO: [ view_parse ] --START--
NOTIC: [2] count(): Parameter must be an array or an object that implements Countable /Users/sunqiaoyu/PhpstormProjects/os/nn_1/application/Common/Lib/Taglib/TagLibSpadmin.class.php 第 37 行.
INFO: [ template_filter ] --START--
INFO: Run Behavior\ContentReplaceBehavior [ RunTime:0.000214s ]
INFO: [ template_filter ] --END-- [ RunTime:0.000245s ]
NOTIC: [8] Undefined variable: Think /Users/sunqiaoyu/PhpstormProjects/os/nn_1/data/cc/Cache/Admin/a1def4b29f96097392ca0f2df5df48a1.php 第 163 行.
INFO: Run Behavior\ParseTemplateBehavior [ RunTime:0.010386s ]
INFO: [ view_parse ] --END-- [ RunTime:0.010404s ]
INFO: [ view_filter ] --START--
INFO: Run Behavior\WriteHtmlCacheBehavior [ RunTime:0.000080s ]
INFO: Run Common\Behavior\TmplStripSpaceBehavior [ RunTime:0.000067s ]
INFO: [ view_filter ] --END-- [ RunTime:0.000167s ]
INFO: [ app_end ] --START--
INFO: Run Behavior\ShowPageTraceBehavior [ RunTime:0.000273s ]
INFO: [ app_end ] --END-- [ RunTime:0.000282s ]

[ 2022-10-16T14:49:57+08:00 ] 127.0.0.1 /index.php/Admin/Main/index
INFO: [ app_begin ] --START--
INFO: Run Behavior\ReadHtmlCacheBehavior [ RunTime:0.000275s ]
INFO: Run Behavior\CheckLangBehavior [ RunTime:0.000296s ]
INFO: Run Common\Behavior\UrldecodeGetBehavior [ RunTime:0.000062s ]
INFO: [ app_begin ] --END-- [ RunTime:0.000806s ]
INFO: [ admin_begin ] --START--
INFO: Run Common\Behavior\AdminDefaultLangBehavior [ RunTime:0.000319s ]
INFO: [ admin_begin ] --END-- [ RunTime:0.000334s ]
NOTIC: [8] unserialize(): Error at offset 1130 of 1473 bytes /Users/sunqiaoyu/PhpstormProjects/os/nn_1/simplewind/Core/Common/functions.php 第 1178 行.
SQL: SHOW COLUMNS FROM `jz_options` [ RunTime:0.0007s ]
SQL: SELECT `option_value` FROM `jz_options` WHERE `option_name` = 'extract' LIMIT 1   [ RunTime:0.0002s ]
SQL: SELECT `option_value` FROM `jz_options` WHERE `option_name` = 'bonus' LIMIT 1   [ RunTime:0.0001s ]
SQL: SHOW COLUMNS FROM `jz_users` [ RunTime:0.0003s ]
SQL: SELECT * FROM `jz_users` WHERE `id` = '1' LIMIT 1   [ RunTime:0.0002s ]
SQL: select VERSION() as version [ RunTime:0.0001s ]
SQL: SELECT `option_value` FROM `jz_options` WHERE `option_name` = 'cdn_settings' LIMIT 1   [ RunTime:0.0001s ]
INFO: [ view_parse ] --START--
NOTIC: [2] count(): Parameter must be an array or an object that implements Countable /Users/sunqiaoyu/PhpstormProjects/os/nn_1/application/Common/Lib/Taglib/TagLibSpadmin.class.php 第 37 行.
INFO: [ template_filter ] --START--
INFO: Run Behavior\ContentReplaceBehavior [ RunTime:0.000046s ]
INFO: [ template_filter ] --END-- [ RunTime:0.000068s ]
INFO: Run Behavior\ParseTemplateBehavior [ RunTime:0.005815s ]
INFO: [ view_parse ] --END-- [ RunTime:0.005829s ]
INFO: [ view_filter ] --START--
INFO: Run Behavior\WriteHtmlCacheBehavior [ RunTime:0.000091s ]
INFO: Run Common\Behavior\TmplStripSpaceBehavior [ RunTime:0.000071s ]
INFO: [ view_filter ] --END-- [ RunTime:0.000179s ]
INFO: [ app_end ] --START--
INFO: Run Behavior\ShowPageTraceBehavior [ RunTime:0.000331s ]
INFO: [ app_end ] --END-- [ RunTime:0.000341s ]

[ 2022-10-16T14:56:29+08:00 ] 127.0.0.1 /index.php?g=admin&m=public&a=login
INFO: [ app_begin ] --START--
INFO: Run Behavior\ReadHtmlCacheBehavior [ RunTime:0.000328s ]
INFO: Run Behavior\CheckLangBehavior [ RunTime:0.000770s ]
INFO: Run Common\Behavior\UrldecodeGetBehavior [ RunTime:0.000092s ]
INFO: [ app_begin ] --END-- [ RunTime:0.001493s ]
INFO: [ admin_begin ] --START--
INFO: Run Common\Behavior\AdminDefaultLangBehavior [ RunTime:0.000569s ]
INFO: [ admin_begin ] --END-- [ RunTime:0.000594s ]

[ 2022-10-16T14:56:29+08:00 ] 127.0.0.1 /index.php/Admin/Index/index
INFO: [ app_begin ] --START--
INFO: Run Behavior\ReadHtmlCacheBehavior [ RunTime:0.000225s ]
INFO: Run Behavior\CheckLangBehavior [ RunTime:0.000249s ]
INFO: Run Common\Behavior\UrldecodeGetBehavior [ RunTime:0.000062s ]
INFO: [ app_begin ] --END-- [ RunTime:0.000720s ]
INFO: [ admin_begin ] --START--
INFO: Run Common\Behavior\AdminDefaultLangBehavior [ RunTime:0.000305s ]
INFO: [ admin_begin ] --END-- [ RunTime:0.000322s ]
NOTIC: [8] unserialize(): Error at offset 1130 of 1473 bytes /Users/sunqiaoyu/PhpstormProjects/os/nn_1/simplewind/Core/Common/functions.php 第 1178 行.
SQL: SHOW COLUMNS FROM `jz_options` [ RunTime:0.0005s ]
SQL: SELECT `option_value` FROM `jz_options` WHERE `option_name` = 'extract' LIMIT 1   [ RunTime:0.0002s ]
SQL: SELECT `option_value` FROM `jz_options` WHERE `option_name` = 'bonus' LIMIT 1   [ RunTime:0.0001s ]
SQL: SHOW COLUMNS FROM `jz_users` [ RunTime:0.0011s ]
SQL: SELECT * FROM `jz_users` WHERE `id` = '1' LIMIT 1   [ RunTime:0.0004s ]
SQL: SHOW COLUMNS FROM `jz_menu` [ RunTime:0.0008s ]
SQL: SELECT * FROM `jz_menu` WHERE `parentid` = 0 AND `status` = 1 ORDER BY `listorder` ASC  [ RunTime:0.0003s ]
SQL: SELECT * FROM `jz_menu` WHERE `parentid` = 109 AND `status` = 1 ORDER BY `listorder` ASC  [ RunTime:0.0002s ]
SQL: SELECT * FROM `jz_menu` WHERE `parentid` = 110 AND `status` = 1 ORDER BY `listorder` ASC  [ RunTime:0.0002s ]
SQL: SELECT * FROM `jz_menu` WHERE `parentid` = 111 AND `status` = 1 ORDER BY `listorder` ASC  [ RunTime:0.0002s ]
SQL: SELECT * FROM `jz_menu` WHERE `parentid` = 113 AND `status` = 1 ORDER BY `listorder` ASC  [ RunTime:0.0002s ]
SQL: SELECT * FROM `jz_menu` WHERE `parentid` = 114 AND `status` = 1 ORDER BY `listorder` ASC  [ RunTime:0.0002s ]
SQL: SELECT * FROM `jz_menu` WHERE `parentid` = 115 AND `status` = 1 ORDER BY `listorder` ASC  [ RunTime:0.0002s ]
SQL: SELECT * FROM `jz_menu` WHERE `parentid` = 139 AND `status` = 1 ORDER BY `listorder` ASC  [ RunTime:0.0002s ]
SQL: SELECT * FROM `jz_menu` WHERE `parentid` = 149 AND `status` = 1 ORDER BY `listorder` ASC  [ RunTime:0.0002s ]
SQL: SELECT * FROM `jz_menu` WHERE `parentid` = 161 AND `status` = 1 ORDER BY `listorder` ASC  [ RunTime:0.0002s ]
SQL: SELECT * FROM `jz_menu` WHERE `parentid` = 151 AND `status` = 1 ORDER BY `listorder` ASC  [ RunTime:0.0002s ]
SQL: SELECT * FROM `jz_menu` WHERE `parentid` = 188 AND `status` = 1 ORDER BY `listorder` ASC  [ RunTime:0.0002s ]
SQL: SELECT * FROM `jz_menu` WHERE `parentid` = 189 AND `status` = 1 ORDER BY `listorder` ASC  [ RunTime:0.0002s ]
SQL: SELECT * FROM `jz_menu` WHERE `parentid` = 190 AND `status` = 1 ORDER BY `listorder` ASC  [ RunTime:0.0002s ]
SQL: SELECT * FROM `jz_menu` WHERE `parentid` = 225 AND `status` = 1 ORDER BY `listorder` ASC  [ RunTime:0.0002s ]
SQL: SELECT * FROM `jz_menu` WHERE `parentid` = 226 AND `status` = 1 ORDER BY `listorder` ASC  [ RunTime:0.0001s ]
SQL: SELECT * FROM `jz_menu` WHERE `parentid` = 227 AND `status` = 1 ORDER BY `listorder` ASC  [ RunTime:0.0002s ]
SQL: SELECT * FROM `jz_menu` WHERE `parentid` = 132 AND `status` = 1 ORDER BY `listorder` ASC  [ RunTime:0.0002s ]
SQL: SELECT * FROM `jz_menu` WHERE `parentid` = 133 AND `status` = 1 ORDER BY `listorder` ASC  [ RunTime:0.0002s ]
SQL: SELECT * FROM `jz_menu` WHERE `parentid` = 134 AND `status` = 1 ORDER BY `listorder` ASC  [ RunTime:0.0002s ]
SQL: SELECT * FROM `jz_menu` WHERE `parentid` = 137 AND `status` = 1 ORDER BY `listorder` ASC  [ RunTime:0.0002s ]
SQL: SELECT * FROM `jz_menu` WHERE `parentid` = 85 AND `status` = 1 ORDER BY `listorder` ASC  [ RunTime:0.0002s ]
SQL: SELECT * FROM `jz_menu` WHERE `parentid` = 86 AND `status` = 1 ORDER BY `listorder` ASC  [ RunTime:0.0002s ]
SQL: SELECT * FROM `jz_menu` WHERE `parentid` = 87 AND `status` = 1 ORDER BY `listorder` ASC  [ RunTime:0.0002s ]
SQL: SELECT * FROM `jz_menu` WHERE `parentid` = 94 AND `status` = 1 ORDER BY `listorder` ASC  [ RunTime:0.0002s ]
SQL: SELECT * FROM `jz_menu` WHERE `parentid` = 100 AND `status` = 1 ORDER BY `listorder` ASC  [ RunTime:0.0002s ]
SQL: SELECT * FROM `jz_menu` WHERE `parentid` = 101 AND `status` = 1 ORDER BY `listorder` ASC  [ RunTime:0.0001s ]
SQL: SELECT * FROM `jz_menu` WHERE `parentid` = 221 AND `status` = 1 ORDER BY `listorder` ASC  [ RunTime:0.0002s ]
SQL: SELECT * FROM `jz_menu` WHERE `parentid` = 223 AND `status` = 1 ORDER BY `listorder` ASC  [ RunTime:0.0001s ]
SQL: SELECT * FROM `jz_menu` WHERE `parentid` = 228 AND `status` = 1 ORDER BY `listorder` ASC  [ RunTime:0.0001s ]
SQL: SELECT `option_value` FROM `jz_options` WHERE `option_name` = 'cdn_settings' LIMIT 1   [ RunTime:0.0001s ]
INFO: [ view_parse ] --START--
NOTIC: [2] count(): Parameter must be an array or an object that implements Countable /Users/sunqiaoyu/PhpstormProjects/os/nn_1/application/Common/Lib/Taglib/TagLibSpadmin.class.php 第 37 行.
INFO: [ template_filter ] --START--
INFO: Run Behavior\ContentReplaceBehavior [ RunTime:0.000073s ]
INFO: [ template_filter ] --END-- [ RunTime:0.000085s ]
NOTIC: [8] Undefined variable: Think /Users/sunqiaoyu/PhpstormProjects/os/nn_1/data/cc/Cache/Admin/a1def4b29f96097392ca0f2df5df48a1.php 第 163 行.
INFO: Run Behavior\ParseTemplateBehavior [ RunTime:0.004349s ]
INFO: [ view_parse ] --END-- [ RunTime:0.004357s ]
INFO: [ view_filter ] --START--
INFO: Run Behavior\WriteHtmlCacheBehavior [ RunTime:0.000047s ]
INFO: Run Common\Behavior\TmplStripSpaceBehavior [ RunTime:0.000038s ]
INFO: [ view_filter ] --END-- [ RunTime:0.000092s ]
INFO: [ app_end ] --START--
INFO: Run Behavior\ShowPageTraceBehavior [ RunTime:0.000144s ]
INFO: [ app_end ] --END-- [ RunTime:0.000149s ]

[ 2022-10-16T14:56:30+08:00 ] 127.0.0.1 /index.php/Admin/Main/index
INFO: [ app_begin ] --START--
INFO: Run Behavior\ReadHtmlCacheBehavior [ RunTime:0.000220s ]
INFO: Run Behavior\CheckLangBehavior [ RunTime:0.020640s ]
INFO: Run Common\Behavior\UrldecodeGetBehavior [ RunTime:0.000597s ]
INFO: [ app_begin ] --END-- [ RunTime:0.021649s ]
INFO: [ admin_begin ] --START--
INFO: Run Common\Behavior\AdminDefaultLangBehavior [ RunTime:0.000325s ]
INFO: [ admin_begin ] --END-- [ RunTime:0.000346s ]
NOTIC: [8] unserialize(): Error at offset 1130 of 1473 bytes /Users/sunqiaoyu/PhpstormProjects/os/nn_1/simplewind/Core/Common/functions.php 第 1178 行.
SQL: SHOW COLUMNS FROM `jz_options` [ RunTime:0.0005s ]
SQL: SELECT `option_value` FROM `jz_options` WHERE `option_name` = 'extract' LIMIT 1   [ RunTime:0.0014s ]
SQL: SELECT `option_value` FROM `jz_options` WHERE `option_name` = 'bonus' LIMIT 1   [ RunTime:0.0003s ]
SQL: SHOW COLUMNS FROM `jz_users` [ RunTime:0.0008s ]
SQL: SELECT * FROM `jz_users` WHERE `id` = '1' LIMIT 1   [ RunTime:0.0002s ]
SQL: select VERSION() as version [ RunTime:0.0001s ]
SQL: SELECT `option_value` FROM `jz_options` WHERE `option_name` = 'cdn_settings' LIMIT 1   [ RunTime:0.0002s ]
INFO: [ view_parse ] --START--
NOTIC: [2] count(): Parameter must be an array or an object that implements Countable /Users/sunqiaoyu/PhpstormProjects/os/nn_1/application/Common/Lib/Taglib/TagLibSpadmin.class.php 第 37 行.
INFO: [ template_filter ] --START--
INFO: Run Behavior\ContentReplaceBehavior [ RunTime:0.000188s ]
INFO: [ template_filter ] --END-- [ RunTime:0.000213s ]
INFO: Run Behavior\ParseTemplateBehavior [ RunTime:0.007256s ]
INFO: [ view_parse ] --END-- [ RunTime:0.007273s ]
INFO: [ view_filter ] --START--
INFO: Run Behavior\WriteHtmlCacheBehavior [ RunTime:0.000098s ]
INFO: Run Common\Behavior\TmplStripSpaceBehavior [ RunTime:0.000081s ]
INFO: [ view_filter ] --END-- [ RunTime:0.000196s ]
INFO: [ app_end ] --START--
INFO: Run Behavior\ShowPageTraceBehavior [ RunTime:0.000309s ]
INFO: [ app_end ] --END-- [ RunTime:0.000320s ]

[ 2022-10-16T14:56:36+08:00 ] 127.0.0.1 /index.php/admin/index/serverjs
INFO: [ app_begin ] --START--
INFO: Run Behavior\ReadHtmlCacheBehavior [ RunTime:0.000145s ]
INFO: Run Behavior\CheckLangBehavior [ RunTime:0.000154s ]
INFO: Run Common\Behavior\UrldecodeGetBehavior [ RunTime:0.000103s ]
INFO: [ app_begin ] --END-- [ RunTime:0.000513s ]
INFO: [ admin_begin ] --START--
INFO: Run Common\Behavior\AdminDefaultLangBehavior [ RunTime:0.000217s ]
INFO: [ admin_begin ] --END-- [ RunTime:0.000255s ]
NOTIC: [8] unserialize(): Error at offset 1130 of 1473 bytes /Users/sunqiaoyu/PhpstormProjects/os/nn_1/simplewind/Core/Common/functions.php 第 1178 行.
SQL: SHOW COLUMNS FROM `jz_options` [ RunTime:0.0005s ]
SQL: SELECT `option_value` FROM `jz_options` WHERE `option_name` = 'extract' LIMIT 1   [ RunTime:0.0002s ]
SQL: SELECT `option_value` FROM `jz_options` WHERE `option_name` = 'bonus' LIMIT 1   [ RunTime:0.0001s ]
SQL: SHOW COLUMNS FROM `jz_users` [ RunTime:0.0004s ]
SQL: SELECT * FROM `jz_users` WHERE `id` = '1' LIMIT 1   [ RunTime:0.0002s ]
INFO: [ app_end ] --START--
INFO: Run Behavior\ShowPageTraceBehavior [ RunTime:0.000184s ]
INFO: [ app_end ] --END-- [ RunTime:0.000193s ]

[ 2022-10-16T14:59:50+08:00 ] 127.0.0.1 /index.php/Admin/Index/index
INFO: [ app_begin ] --START--
INFO: Run Behavior\ReadHtmlCacheBehavior [ RunTime:0.000304s ]
INFO: Run Behavior\CheckLangBehavior [ RunTime:0.000865s ]
INFO: Run Common\Behavior\UrldecodeGetBehavior [ RunTime:0.000149s ]
INFO: [ app_begin ] --END-- [ RunTime:0.010029s ]
INFO: [ admin_begin ] --START--
INFO: Run Common\Behavior\AdminDefaultLangBehavior [ RunTime:0.001138s ]
INFO: [ admin_begin ] --END-- [ RunTime:0.001149s ]
SQL: SHOW COLUMNS FROM `jz_options` [ RunTime:0.0051s ]
SQL: SELECT `option_value` FROM `jz_options` WHERE `option_name` = 'bonus' LIMIT 1   [ RunTime:0.0167s ]
SQL: SHOW COLUMNS FROM `jz_users` [ RunTime:0.0025s ]
SQL: SELECT * FROM `jz_users` WHERE `id` = '1' LIMIT 1   [ RunTime:0.0029s ]
SQL: SHOW COLUMNS FROM `jz_menu` [ RunTime:0.0024s ]
SQL: SELECT * FROM `jz_menu` WHERE `parentid` = 0 AND `status` = 1 ORDER BY `listorder` ASC  [ RunTime:0.0005s ]
SQL: SELECT * FROM `jz_menu` WHERE `parentid` = 109 AND `status` = 1 ORDER BY `listorder` ASC  [ RunTime:0.0003s ]
SQL: SELECT * FROM `jz_menu` WHERE `parentid` = 110 AND `status` = 1 ORDER BY `listorder` ASC  [ RunTime:0.0002s ]
SQL: SELECT * FROM `jz_menu` WHERE `parentid` = 111 AND `status` = 1 ORDER BY `listorder` ASC  [ RunTime:0.0002s ]
SQL: SELECT * FROM `jz_menu` WHERE `parentid` = 113 AND `status` = 1 ORDER BY `listorder` ASC  [ RunTime:0.0002s ]
SQL: SELECT * FROM `jz_menu` WHERE `parentid` = 114 AND `status` = 1 ORDER BY `listorder` ASC  [ RunTime:0.0002s ]
SQL: SELECT * FROM `jz_menu` WHERE `parentid` = 115 AND `status` = 1 ORDER BY `listorder` ASC  [ RunTime:0.0007s ]
SQL: SELECT * FROM `jz_menu` WHERE `parentid` = 139 AND `status` = 1 ORDER BY `listorder` ASC  [ RunTime:0.0001s ]
SQL: SELECT * FROM `jz_menu` WHERE `parentid` = 149 AND `status` = 1 ORDER BY `listorder` ASC  [ RunTime:0.0002s ]
SQL: SELECT * FROM `jz_menu` WHERE `parentid` = 161 AND `status` = 1 ORDER BY `listorder` ASC  [ RunTime:0.0001s ]
SQL: SELECT * FROM `jz_menu` WHERE `parentid` = 151 AND `status` = 1 ORDER BY `listorder` ASC  [ RunTime:0.0001s ]
SQL: SELECT * FROM `jz_menu` WHERE `parentid` = 188 AND `status` = 1 ORDER BY `listorder` ASC  [ RunTime:0.0002s ]
SQL: SELECT * FROM `jz_menu` WHERE `parentid` = 189 AND `status` = 1 ORDER BY `listorder` ASC  [ RunTime:0.0002s ]
SQL: SELECT * FROM `jz_menu` WHERE `parentid` = 190 AND `status` = 1 ORDER BY `listorder` ASC  [ RunTime:0.0002s ]
SQL: SELECT * FROM `jz_menu` WHERE `parentid` = 225 AND `status` = 1 ORDER BY `listorder` ASC  [ RunTime:0.0002s ]
SQL: SELECT * FROM `jz_menu` WHERE `parentid` = 226 AND `status` = 1 ORDER BY `listorder` ASC  [ RunTime:0.0001s ]
SQL: SELECT * FROM `jz_menu` WHERE `parentid` = 227 AND `status` = 1 ORDER BY `listorder` ASC  [ RunTime:0.0001s ]
SQL: SELECT * FROM `jz_menu` WHERE `parentid` = 132 AND `status` = 1 ORDER BY `listorder` ASC  [ RunTime:0.0001s ]
SQL: SELECT * FROM `jz_menu` WHERE `parentid` = 133 AND `status` = 1 ORDER BY `listorder` ASC  [ RunTime:0.0001s ]
SQL: SELECT * FROM `jz_menu` WHERE `parentid` = 134 AND `status` = 1 ORDER BY `listorder` ASC  [ RunTime:0.0001s ]
SQL: SELECT * FROM `jz_menu` WHERE `parentid` = 137 AND `status` = 1 ORDER BY `listorder` ASC  [ RunTime:0.0001s ]
SQL: SELECT * FROM `jz_menu` WHERE `parentid` = 85 AND `status` = 1 ORDER BY `listorder` ASC  [ RunTime:0.0001s ]
SQL: SELECT * FROM `jz_menu` WHERE `parentid` = 86 AND `status` = 1 ORDER BY `listorder` ASC  [ RunTime:0.0001s ]
SQL: SELECT * FROM `jz_menu` WHERE `parentid` = 87 AND `status` = 1 ORDER BY `listorder` ASC  [ RunTime:0.0001s ]
SQL: SELECT * FROM `jz_menu` WHERE `parentid` = 94 AND `status` = 1 ORDER BY `listorder` ASC  [ RunTime:0.0002s ]
SQL: SELECT * FROM `jz_menu` WHERE `parentid` = 100 AND `status` = 1 ORDER BY `listorder` ASC  [ RunTime:0.0005s ]
SQL: SELECT * FROM `jz_menu` WHERE `parentid` = 101 AND `status` = 1 ORDER BY `listorder` ASC  [ RunTime:0.0022s ]
SQL: SELECT * FROM `jz_menu` WHERE `parentid` = 221 AND `status` = 1 ORDER BY `listorder` ASC  [ RunTime:0.0001s ]
SQL: SELECT * FROM `jz_menu` WHERE `parentid` = 223 AND `status` = 1 ORDER BY `listorder` ASC  [ RunTime:0.0002s ]
SQL: SELECT * FROM `jz_menu` WHERE `parentid` = 228 AND `status` = 1 ORDER BY `listorder` ASC  [ RunTime:0.0002s ]
SQL: SELECT `option_value` FROM `jz_options` WHERE `option_name` = 'cdn_settings' LIMIT 1   [ RunTime:0.0001s ]
INFO: [ view_parse ] --START--
NOTIC: [2] count(): Parameter must be an array or an object that implements Countable /Users/sunqiaoyu/PhpstormProjects/os/nn_1/application/Common/Lib/Taglib/TagLibSpadmin.class.php 第 37 行.
INFO: [ template_filter ] --START--
INFO: Run Behavior\ContentReplaceBehavior [ RunTime:0.000182s ]
INFO: [ template_filter ] --END-- [ RunTime:0.000213s ]
NOTIC: [8] Undefined variable: Think /Users/sunqiaoyu/PhpstormProjects/os/nn_1/data/cc/Cache/Admin/a1def4b29f96097392ca0f2df5df48a1.php 第 163 行.
INFO: Run Behavior\ParseTemplateBehavior [ RunTime:0.069575s ]
INFO: [ view_parse ] --END-- [ RunTime:0.069592s ]
INFO: [ view_filter ] --START--
INFO: Run Behavior\WriteHtmlCacheBehavior [ RunTime:0.000220s ]
INFO: Run Common\Behavior\TmplStripSpaceBehavior [ RunTime:0.000275s ]
INFO: [ view_filter ] --END-- [ RunTime:0.000513s ]
INFO: [ app_end ] --START--
INFO: Run Behavior\ShowPageTraceBehavior [ RunTime:0.000489s ]
INFO: [ app_end ] --END-- [ RunTime:0.000503s ]

[ 2022-10-16T14:59:56+08:00 ] 127.0.0.1 /index.php/Admin/Main/index
INFO: [ app_begin ] --START--
INFO: Run Behavior\ReadHtmlCacheBehavior [ RunTime:0.000216s ]
INFO: Run Behavior\CheckLangBehavior [ RunTime:0.000755s ]
INFO: Run Common\Behavior\UrldecodeGetBehavior [ RunTime:0.000069s ]
INFO: [ app_begin ] --END-- [ RunTime:0.001202s ]
INFO: [ admin_begin ] --START--
INFO: Run Common\Behavior\AdminDefaultLangBehavior [ RunTime:0.000303s ]
INFO: [ admin_begin ] --END-- [ RunTime:0.000318s ]
SQL: SHOW COLUMNS FROM `jz_options` [ RunTime:0.0005s ]
SQL: SELECT `option_value` FROM `jz_options` WHERE `option_name` = 'bonus' LIMIT 1   [ RunTime:0.0002s ]
SQL: SHOW COLUMNS FROM `jz_users` [ RunTime:0.0004s ]
SQL: SELECT * FROM `jz_users` WHERE `id` = '1' LIMIT 1   [ RunTime:0.0002s ]
SQL: select VERSION() as version [ RunTime:0.0001s ]
SQL: SELECT `option_value` FROM `jz_options` WHERE `option_name` = 'cdn_settings' LIMIT 1   [ RunTime:0.0001s ]
INFO: [ view_parse ] --START--
NOTIC: [2] count(): Parameter must be an array or an object that implements Countable /Users/sunqiaoyu/PhpstormProjects/os/nn_1/application/Common/Lib/Taglib/TagLibSpadmin.class.php 第 37 行.
INFO: [ template_filter ] --START--
INFO: Run Behavior\ContentReplaceBehavior [ RunTime:0.000055s ]
INFO: [ template_filter ] --END-- [ RunTime:0.000076s ]
INFO: Run Behavior\ParseTemplateBehavior [ RunTime:0.006239s ]
INFO: [ view_parse ] --END-- [ RunTime:0.006254s ]
INFO: [ view_filter ] --START--
INFO: Run Behavior\WriteHtmlCacheBehavior [ RunTime:0.000100s ]
INFO: Run Common\Behavior\TmplStripSpaceBehavior [ RunTime:0.000084s ]
INFO: [ view_filter ] --END-- [ RunTime:0.000203s ]
INFO: [ app_end ] --START--
INFO: Run Behavior\ShowPageTraceBehavior [ RunTime:0.000346s ]
INFO: [ app_end ] --END-- [ RunTime:0.000357s ]

